<?xml version="1.0" encoding="UTF-8"?>
<testsuite name="loginToEbay" tests="1" skipped="0" failures="0" errors="0" timestamp="2019-08-26T16:16:00" hostname="Tel-Ran6-HP" time="48.176">
  <properties/>
  <testcase name="loginTest" classname="loginToEbay" time="48.176"/>
  <system-out><![CDATA[]]></system-out>
  <system-err><![CDATA[Starting ChromeDriver 76.0.3809.68 (420c9498db8ce8fcd190a954d51297672c1515d5-refs/branch-heads/3809@{#864}) on port 22705
Only local connections are allowed.
Please protect ports used by ChromeDriver and related test frameworks to prevent access by malicious code.
[1566836150.205][WARNING]: Timed out connecting to Chrome, retrying...
Aug 26, 2019 7:15:56 PM org.openqa.selenium.remote.ProtocolHandshake createSession
INFO: Detected dialect: W3C
]]></system-err>
</testsuite>
